<?xml version="1.0" encoding="UTF-8"?>
<!-- Generated by org.testng.reporters.JUnitReportReporter -->
<testsuite hostname="PUN-LAP-DHOBALE" failures="0" tests="1" name="com.orange.testcases.Time" time="304.137" errors="0" timestamp="30 Mar 2022 06:02:08 GMT">
  <testcase classname="com.orange.testcases.Time" name="viewMyTimesheetsPage" time="304.137"/>
</testsuite> <!-- com.orange.testcases.Time -->
