<?xml version="1.0" encoding="UTF-8"?>
<!-- Generated by org.testng.reporters.JUnitReportReporter -->
<testsuite hostname="PNQ1-LPDLRLRV2" failures="0" tests="2" name="com.fnfis.pages.Login" time="5.828" errors="0" timestamp="24 Nov 2021 08:18:46 GMT">
  <testcase classname="com.fnfis.pages.Login" name="loginToBradesco" time="3.314"/>
  <testcase classname="com.fnfis.pages.Login" name="goToDerivadosRMandCaptureValues" time="2.514"/>
</testsuite> <!-- com.fnfis.pages.Login -->
