<?xml version="1.0" encoding="UTF-8"?>
<!-- Generated by org.testng.reporters.JUnitReportReporter -->
<testsuite hostname="PUN-LAP-DHOBALE" failures="0" tests="1" name="com.orange.pages.Login" time="18.164" errors="0" timestamp="25 Mar 2022 11:04:38 GMT">
  <testcase classname="com.orange.pages.Login" name="loginToOrangeHRM" time="18.164"/>
</testsuite> <!-- com.orange.pages.Login -->
